/root/controller_mine/install/prova_controller/lib/python3.10/site-packages/prova_controller/prova_listener.py
/root/controller_mine/install/prova_controller/lib/python3.10/site-packages/prova_controller/offboard_controller.py
/root/controller_mine/install/prova_controller/lib/python3.10/site-packages/prova_controller/listener_messages.py
/root/controller_mine/install/prova_controller/lib/python3.10/site-packages/prova_controller/debugger_py.py
/root/controller_mine/install/prova_controller/lib/python3.10/site-packages/prova_controller/gpt_node.py
/root/controller_mine/install/prova_controller/lib/python3.10/site-packages/prova_controller/__init__.py
/root/controller_mine/install/prova_controller/lib/python3.10/site-packages/prova_controller/EKF.py
/root/controller_mine/install/prova_controller/lib/python3.10/site-packages/prova_controller/EKF_tmp.py
/root/controller_mine/install/prova_controller/lib/python3.10/site-packages/prova_controller/__pycache__/prova_listener.cpython-310.pyc
/root/controller_mine/install/prova_controller/lib/python3.10/site-packages/prova_controller/__pycache__/offboard_controller.cpython-310.pyc
/root/controller_mine/install/prova_controller/lib/python3.10/site-packages/prova_controller/__pycache__/listener_messages.cpython-310.pyc
/root/controller_mine/install/prova_controller/lib/python3.10/site-packages/prova_controller/__pycache__/debugger_py.cpython-310.pyc
/root/controller_mine/install/prova_controller/lib/python3.10/site-packages/prova_controller/__pycache__/gpt_node.cpython-310.pyc
/root/controller_mine/install/prova_controller/lib/python3.10/site-packages/prova_controller/__pycache__/__init__.cpython-310.pyc
/root/controller_mine/install/prova_controller/lib/python3.10/site-packages/prova_controller/__pycache__/EKF.cpython-310.pyc
/root/controller_mine/install/prova_controller/lib/python3.10/site-packages/prova_controller/__pycache__/EKF_tmp.cpython-310.pyc
/root/controller_mine/install/prova_controller/share/ament_index/resource_index/packages/prova_controller
/root/controller_mine/install/prova_controller/share/prova_controller/package.xml
/root/controller_mine/install/prova_controller/lib/python3.10/site-packages/prova_controller-0.0.0-py3.10.egg-info/top_level.txt
/root/controller_mine/install/prova_controller/lib/python3.10/site-packages/prova_controller-0.0.0-py3.10.egg-info/requires.txt
/root/controller_mine/install/prova_controller/lib/python3.10/site-packages/prova_controller-0.0.0-py3.10.egg-info/entry_points.txt
/root/controller_mine/install/prova_controller/lib/python3.10/site-packages/prova_controller-0.0.0-py3.10.egg-info/dependency_links.txt
/root/controller_mine/install/prova_controller/lib/python3.10/site-packages/prova_controller-0.0.0-py3.10.egg-info/zip-safe
/root/controller_mine/install/prova_controller/lib/python3.10/site-packages/prova_controller-0.0.0-py3.10.egg-info/SOURCES.txt
/root/controller_mine/install/prova_controller/lib/python3.10/site-packages/prova_controller-0.0.0-py3.10.egg-info/PKG-INFO
/root/controller_mine/install/prova_controller/lib/prova_controller/EKF
/root/controller_mine/install/prova_controller/lib/prova_controller/EKF_t
/root/controller_mine/install/prova_controller/lib/prova_controller/ascolto_nodo
/root/controller_mine/install/prova_controller/lib/prova_controller/gpt_nodo
/root/controller_mine/install/prova_controller/lib/prova_controller/listener_nodo
/root/controller_mine/install/prova_controller/lib/prova_controller/offboard_controller_node
/root/controller_mine/install/prova_controller/lib/prova_controller/position_debug_node
