[0.211s] DEBUG:colcon:Command line arguments: ['/usr/bin/colcon', 'build', '--packages-select', 'position_gazebo_plugin']
[0.211s] DEBUG:colcon:Parsed command line arguments: Namespace(log_base=None, log_level=None, verb_name='build', build_base='build', install_base='install', merge_install=False, symlink_install=False, test_result_base=None, continue_on_error=False, executor='parallel', parallel_workers=12, event_handlers=None, ignore_user_meta=False, metas=['./colcon.meta'], base_paths=['.'], packages_ignore=None, packages_ignore_regex=None, paths=None, packages_up_to=None, packages_up_to_regex=None, packages_above=None, packages_above_and_dependencies=None, packages_above_depth=None, packages_select_by_dep=None, packages_skip_by_dep=None, packages_skip_up_to=None, packages_select_build_failed=False, packages_skip_build_finished=False, packages_select_test_failures=False, packages_skip_test_passed=False, packages_select=['position_gazebo_plugin'], packages_skip=None, packages_select_regex=None, packages_skip_regex=None, packages_start=None, packages_end=None, cmake_args=None, cmake_target=None, cmake_target_skip_unavailable=False, cmake_clean_cache=False, cmake_clean_first=False, cmake_force_configure=False, ament_cmake_args=None, catkin_cmake_args=None, catkin_skip_building_tests=False, mixin_files=None, mixin=None, verb_parser=<colcon_mixin.mixin.mixin_argument.MixinArgumentDecorator object at 0x79e02b821900>, verb_extension=<colcon_core.verb.build.BuildVerb object at 0x79e02b965fc0>, main=<bound method BuildVerb.main of <colcon_core.verb.build.BuildVerb object at 0x79e02b965fc0>>, mixin_verb=('build',))
[0.478s] Level 1:colcon.colcon_core.package_discovery:discover_packages(colcon_meta) check parameters
[0.482s] INFO:colcon.colcon_metadata.package_discovery.colcon_meta:Using configuration from '/root/.colcon/metadata/default/Gazebo.meta'
[0.483s] INFO:colcon.colcon_metadata.package_discovery.colcon_meta:Using configuration from '/root/.colcon/metadata/default/fastrtps.meta'
[0.483s] Level 1:colcon.colcon_core.package_discovery:discover_packages(recursive) check parameters
[0.483s] Level 1:colcon.colcon_core.package_discovery:discover_packages(ignore) check parameters
[0.483s] Level 1:colcon.colcon_core.package_discovery:discover_packages(path) check parameters
[0.484s] Level 1:colcon.colcon_core.package_discovery:discover_packages(colcon_meta) discover
[0.484s] Level 1:colcon.colcon_core.package_discovery:discover_packages(recursive) discover
[0.484s] INFO:colcon.colcon_core.package_discovery:Crawling recursively for packages in '/root/controller_mine'
[0.484s] Level 1:colcon.colcon_core.package_identification:_identify(.) by extensions ['ignore', 'ignore_ament_install']
[0.484s] Level 1:colcon.colcon_core.package_identification:_identify(.) by extension 'ignore'
[0.484s] Level 1:colcon.colcon_core.package_identification:_identify(.) by extension 'ignore_ament_install'
[0.484s] Level 1:colcon.colcon_core.package_identification:_identify(.) by extensions ['colcon_pkg']
[0.484s] Level 1:colcon.colcon_core.package_identification:_identify(.) by extension 'colcon_pkg'
[0.485s] Level 1:colcon.colcon_core.package_identification:_identify(.) by extensions ['colcon_meta']
[0.485s] Level 1:colcon.colcon_core.package_identification:_identify(.) by extension 'colcon_meta'
[0.485s] Level 1:colcon.colcon_core.package_identification:_identify(.) by extensions ['ros']
[0.485s] Level 1:colcon.colcon_core.package_identification:_identify(.) by extension 'ros'
[0.505s] Level 1:colcon.colcon_core.package_identification:_identify(.) by extensions ['cmake', 'python']
[0.505s] Level 1:colcon.colcon_core.package_identification:_identify(.) by extension 'cmake'
[0.505s] Level 1:colcon.colcon_core.package_identification:_identify(.) by extension 'python'
[0.505s] Level 1:colcon.colcon_core.package_identification:_identify(.) by extensions ['python_setup_py']
[0.505s] Level 1:colcon.colcon_core.package_identification:_identify(.) by extension 'python_setup_py'
[0.506s] Level 1:colcon.colcon_core.package_identification:_identify(build) by extensions ['ignore', 'ignore_ament_install']
[0.506s] Level 1:colcon.colcon_core.package_identification:_identify(build) by extension 'ignore'
[0.507s] Level 1:colcon.colcon_core.package_identification:_identify(build) ignored
[0.507s] Level 1:colcon.colcon_core.package_identification:_identify(install) by extensions ['ignore', 'ignore_ament_install']
[0.507s] Level 1:colcon.colcon_core.package_identification:_identify(install) by extension 'ignore'
[0.507s] Level 1:colcon.colcon_core.package_identification:_identify(install) ignored
[0.507s] Level 1:colcon.colcon_core.package_identification:_identify(log) by extensions ['ignore', 'ignore_ament_install']
[0.508s] Level 1:colcon.colcon_core.package_identification:_identify(log) by extension 'ignore'
[0.508s] Level 1:colcon.colcon_core.package_identification:_identify(log) ignored
[0.508s] Level 1:colcon.colcon_core.package_identification:_identify(src) by extensions ['ignore', 'ignore_ament_install']
[0.508s] Level 1:colcon.colcon_core.package_identification:_identify(src) by extension 'ignore'
[0.508s] Level 1:colcon.colcon_core.package_identification:_identify(src) by extension 'ignore_ament_install'
[0.508s] Level 1:colcon.colcon_core.package_identification:_identify(src) by extensions ['colcon_pkg']
[0.508s] Level 1:colcon.colcon_core.package_identification:_identify(src) by extension 'colcon_pkg'
[0.508s] Level 1:colcon.colcon_core.package_identification:_identify(src) by extensions ['colcon_meta']
[0.508s] Level 1:colcon.colcon_core.package_identification:_identify(src) by extension 'colcon_meta'
[0.508s] Level 1:colcon.colcon_core.package_identification:_identify(src) by extensions ['ros']
[0.508s] Level 1:colcon.colcon_core.package_identification:_identify(src) by extension 'ros'
[0.508s] Level 1:colcon.colcon_core.package_identification:_identify(src) by extensions ['cmake', 'python']
[0.508s] Level 1:colcon.colcon_core.package_identification:_identify(src) by extension 'cmake'
[0.508s] Level 1:colcon.colcon_core.package_identification:_identify(src) by extension 'python'
[0.508s] Level 1:colcon.colcon_core.package_identification:_identify(src) by extensions ['python_setup_py']
[0.508s] Level 1:colcon.colcon_core.package_identification:_identify(src) by extension 'python_setup_py'
[0.508s] Level 1:colcon.colcon_core.package_identification:_identify(src/position_gazebo_plugin) by extensions ['ignore', 'ignore_ament_install']
[0.509s] Level 1:colcon.colcon_core.package_identification:_identify(src/position_gazebo_plugin) by extension 'ignore'
[0.509s] Level 1:colcon.colcon_core.package_identification:_identify(src/position_gazebo_plugin) by extension 'ignore_ament_install'
[0.509s] Level 1:colcon.colcon_core.package_identification:_identify(src/position_gazebo_plugin) by extensions ['colcon_pkg']
[0.509s] Level 1:colcon.colcon_core.package_identification:_identify(src/position_gazebo_plugin) by extension 'colcon_pkg'
[0.509s] Level 1:colcon.colcon_core.package_identification:_identify(src/position_gazebo_plugin) by extensions ['colcon_meta']
[0.509s] Level 1:colcon.colcon_core.package_identification:_identify(src/position_gazebo_plugin) by extension 'colcon_meta'
[0.509s] Level 1:colcon.colcon_core.package_identification:_identify(src/position_gazebo_plugin) by extensions ['ros']
[0.509s] Level 1:colcon.colcon_core.package_identification:_identify(src/position_gazebo_plugin) by extension 'ros'
[0.515s] DEBUG:colcon.colcon_core.package_identification:Package 'src/position_gazebo_plugin' with type 'ros.ament_cmake' and name 'position_gazebo_plugin'
[0.515s] Level 1:colcon.colcon_core.package_identification:_identify(src/prova_controller) by extensions ['ignore', 'ignore_ament_install']
[0.515s] Level 1:colcon.colcon_core.package_identification:_identify(src/prova_controller) by extension 'ignore'
[0.516s] Level 1:colcon.colcon_core.package_identification:_identify(src/prova_controller) by extension 'ignore_ament_install'
[0.516s] Level 1:colcon.colcon_core.package_identification:_identify(src/prova_controller) by extensions ['colcon_pkg']
[0.516s] Level 1:colcon.colcon_core.package_identification:_identify(src/prova_controller) by extension 'colcon_pkg'
[0.516s] Level 1:colcon.colcon_core.package_identification:_identify(src/prova_controller) by extensions ['colcon_meta']
[0.516s] Level 1:colcon.colcon_core.package_identification:_identify(src/prova_controller) by extension 'colcon_meta'
[0.516s] Level 1:colcon.colcon_core.package_identification:_identify(src/prova_controller) by extensions ['ros']
[0.516s] Level 1:colcon.colcon_core.package_identification:_identify(src/prova_controller) by extension 'ros'
[0.517s] DEBUG:colcon.colcon_core.package_identification:Package 'src/prova_controller' with type 'ros.ament_python' and name 'prova_controller'
[0.517s] Level 1:colcon.colcon_core.package_identification:_identify(src/px4-offboard) by extensions ['ignore', 'ignore_ament_install']
[0.517s] Level 1:colcon.colcon_core.package_identification:_identify(src/px4-offboard) by extension 'ignore'
[0.517s] Level 1:colcon.colcon_core.package_identification:_identify(src/px4-offboard) by extension 'ignore_ament_install'
[0.517s] Level 1:colcon.colcon_core.package_identification:_identify(src/px4-offboard) by extensions ['colcon_pkg']
[0.518s] Level 1:colcon.colcon_core.package_identification:_identify(src/px4-offboard) by extension 'colcon_pkg'
[0.518s] Level 1:colcon.colcon_core.package_identification:_identify(src/px4-offboard) by extensions ['colcon_meta']
[0.518s] Level 1:colcon.colcon_core.package_identification:_identify(src/px4-offboard) by extension 'colcon_meta'
[0.518s] Level 1:colcon.colcon_core.package_identification:_identify(src/px4-offboard) by extensions ['ros']
[0.518s] Level 1:colcon.colcon_core.package_identification:_identify(src/px4-offboard) by extension 'ros'
[0.518s] DEBUG:colcon.colcon_core.package_identification:Package 'src/px4-offboard' with type 'ros.ament_python' and name 'px4_offboard'
[0.518s] Level 1:colcon.colcon_core.package_identification:_identify(src/rosmsgs) by extensions ['ignore', 'ignore_ament_install']
[0.518s] Level 1:colcon.colcon_core.package_identification:_identify(src/rosmsgs) by extension 'ignore'
[0.519s] Level 1:colcon.colcon_core.package_identification:_identify(src/rosmsgs) by extension 'ignore_ament_install'
[0.519s] Level 1:colcon.colcon_core.package_identification:_identify(src/rosmsgs) by extensions ['colcon_pkg']
[0.519s] Level 1:colcon.colcon_core.package_identification:_identify(src/rosmsgs) by extension 'colcon_pkg'
[0.519s] Level 1:colcon.colcon_core.package_identification:_identify(src/rosmsgs) by extensions ['colcon_meta']
[0.519s] Level 1:colcon.colcon_core.package_identification:_identify(src/rosmsgs) by extension 'colcon_meta'
[0.519s] Level 1:colcon.colcon_core.package_identification:_identify(src/rosmsgs) by extensions ['ros']
[0.519s] Level 1:colcon.colcon_core.package_identification:_identify(src/rosmsgs) by extension 'ros'
[0.519s] DEBUG:colcon.colcon_core.package_identification:Package 'src/rosmsgs' with type 'ros.ament_cmake' and name 'rosmsgs'
[0.519s] Level 1:colcon.colcon_core.package_discovery:discover_packages(recursive) using defaults
[0.520s] Level 1:colcon.colcon_core.package_discovery:discover_packages(ignore) discover
[0.520s] Level 1:colcon.colcon_core.package_discovery:discover_packages(ignore) using defaults
[0.520s] Level 1:colcon.colcon_core.package_discovery:discover_packages(path) discover
[0.520s] Level 1:colcon.colcon_core.package_discovery:discover_packages(path) using defaults
[0.551s] INFO:colcon.colcon_core.package_selection:Skipping not selected package 'prova_controller' in 'src/prova_controller'
[0.551s] INFO:colcon.colcon_core.package_selection:Skipping not selected package 'px4_offboard' in 'src/px4-offboard'
[0.551s] INFO:colcon.colcon_core.package_selection:Skipping not selected package 'rosmsgs' in 'src/rosmsgs'
[0.552s] Level 5:colcon.colcon_core.verb:set package 'position_gazebo_plugin' build argument 'cmake_args' from command line to 'None'
[0.552s] Level 5:colcon.colcon_core.verb:set package 'position_gazebo_plugin' build argument 'cmake_target' from command line to 'None'
[0.552s] Level 5:colcon.colcon_core.verb:set package 'position_gazebo_plugin' build argument 'cmake_target_skip_unavailable' from command line to 'False'
[0.552s] Level 5:colcon.colcon_core.verb:set package 'position_gazebo_plugin' build argument 'cmake_clean_cache' from command line to 'False'
[0.552s] Level 5:colcon.colcon_core.verb:set package 'position_gazebo_plugin' build argument 'cmake_clean_first' from command line to 'False'
[0.552s] Level 5:colcon.colcon_core.verb:set package 'position_gazebo_plugin' build argument 'cmake_force_configure' from command line to 'False'
[0.552s] Level 5:colcon.colcon_core.verb:set package 'position_gazebo_plugin' build argument 'ament_cmake_args' from command line to 'None'
[0.552s] Level 5:colcon.colcon_core.verb:set package 'position_gazebo_plugin' build argument 'catkin_cmake_args' from command line to 'None'
[0.552s] Level 5:colcon.colcon_core.verb:set package 'position_gazebo_plugin' build argument 'catkin_skip_building_tests' from command line to 'False'
[0.552s] DEBUG:colcon.colcon_core.verb:Building package 'position_gazebo_plugin' with the following arguments: {'ament_cmake_args': None, 'build_base': '/root/controller_mine/build/position_gazebo_plugin', 'catkin_cmake_args': None, 'catkin_skip_building_tests': False, 'cmake_args': None, 'cmake_clean_cache': False, 'cmake_clean_first': False, 'cmake_force_configure': False, 'cmake_target': None, 'cmake_target_skip_unavailable': False, 'install_base': '/root/controller_mine/install/position_gazebo_plugin', 'merge_install': False, 'path': '/root/controller_mine/src/position_gazebo_plugin', 'symlink_install': False, 'test_result_base': None}
[0.552s] INFO:colcon.colcon_core.executor:Executing jobs using 'parallel' executor
[0.554s] DEBUG:colcon.colcon_parallel_executor.executor.parallel:run_until_complete
[0.554s] INFO:colcon.colcon_ros.task.ament_cmake.build:Building ROS package in '/root/controller_mine/src/position_gazebo_plugin' with build type 'ament_cmake'
[0.554s] INFO:colcon.colcon_cmake.task.cmake.build:Building CMake package in '/root/controller_mine/src/position_gazebo_plugin'
[0.557s] INFO:colcon.colcon_core.plugin_system:Skipping extension 'colcon_core.shell.bat': Not used on non-Windows systems
[0.557s] INFO:colcon.colcon_core.shell:Skip shell extension 'powershell' for command environment: Not usable outside of PowerShell
[0.557s] DEBUG:colcon.colcon_core.shell:Skip shell extension 'dsv' for command environment
[0.575s] DEBUG:colcon.colcon_core.event_handler.log_command:Invoking command in '/root/controller_mine/build/position_gazebo_plugin': CMAKE_PREFIX_PATH=${CMAKE_PREFIX_PATH}:/root/controller_mine/install/prova_controller:/opt/ros/humble /usr/bin/cmake /root/controller_mine/src/position_gazebo_plugin -DCMAKE_INSTALL_PREFIX=/root/controller_mine/install/position_gazebo_plugin
[8.903s] DEBUG:colcon.colcon_core.event_handler.log_command:Invoked command in '/root/controller_mine/build/position_gazebo_plugin' returned '0': CMAKE_PREFIX_PATH=${CMAKE_PREFIX_PATH}:/root/controller_mine/install/prova_controller:/opt/ros/humble /usr/bin/cmake /root/controller_mine/src/position_gazebo_plugin -DCMAKE_INSTALL_PREFIX=/root/controller_mine/install/position_gazebo_plugin
[8.911s] DEBUG:colcon.colcon_core.event_handler.log_command:Invoking command in '/root/controller_mine/build/position_gazebo_plugin': CMAKE_PREFIX_PATH=${CMAKE_PREFIX_PATH}:/root/controller_mine/install/prova_controller:/opt/ros/humble /usr/bin/cmake --build /root/controller_mine/build/position_gazebo_plugin -- -j12 -l12
[47.366s] DEBUG:colcon.colcon_core.event_handler.log_command:Invoked command in '/root/controller_mine/build/position_gazebo_plugin' returned '0': CMAKE_PREFIX_PATH=${CMAKE_PREFIX_PATH}:/root/controller_mine/install/prova_controller:/opt/ros/humble /usr/bin/cmake --build /root/controller_mine/build/position_gazebo_plugin -- -j12 -l12
[47.468s] DEBUG:colcon.colcon_core.event_handler.log_command:Invoking command in '/root/controller_mine/build/position_gazebo_plugin': CMAKE_PREFIX_PATH=${CMAKE_PREFIX_PATH}:/root/controller_mine/install/prova_controller:/opt/ros/humble /usr/bin/cmake --install /root/controller_mine/build/position_gazebo_plugin
[47.522s] Level 1:colcon.colcon_core.environment:create_environment_scripts_only(position_gazebo_plugin)
[47.523s] DEBUG:colcon.colcon_core.event_handler.log_command:Invoked command in '/root/controller_mine/build/position_gazebo_plugin' returned '0': CMAKE_PREFIX_PATH=${CMAKE_PREFIX_PATH}:/root/controller_mine/install/prova_controller:/opt/ros/humble /usr/bin/cmake --install /root/controller_mine/build/position_gazebo_plugin
[47.531s] Level 1:colcon.colcon_core.environment:checking '/root/controller_mine/install/position_gazebo_plugin' for CMake module files
[47.532s] Level 1:colcon.colcon_core.environment:checking '/root/controller_mine/install/position_gazebo_plugin' for CMake config files
[47.533s] Level 1:colcon.colcon_core.shell:create_environment_hook('position_gazebo_plugin', 'cmake_prefix_path')
[47.533s] INFO:colcon.colcon_core.shell:Creating environment hook '/root/controller_mine/install/position_gazebo_plugin/share/position_gazebo_plugin/hook/cmake_prefix_path.ps1'
[47.535s] INFO:colcon.colcon_core.shell:Creating environment descriptor '/root/controller_mine/install/position_gazebo_plugin/share/position_gazebo_plugin/hook/cmake_prefix_path.dsv'
[47.536s] INFO:colcon.colcon_core.shell:Creating environment hook '/root/controller_mine/install/position_gazebo_plugin/share/position_gazebo_plugin/hook/cmake_prefix_path.sh'
[47.538s] Level 1:colcon.colcon_core.environment:checking '/root/controller_mine/install/position_gazebo_plugin/lib'
[47.539s] Level 1:colcon.colcon_core.environment:checking '/root/controller_mine/install/position_gazebo_plugin/bin'
[47.539s] Level 1:colcon.colcon_core.environment:checking '/root/controller_mine/install/position_gazebo_plugin/lib/pkgconfig/position_gazebo_plugin.pc'
[47.545s] Level 1:colcon.colcon_core.environment:checking '/root/controller_mine/install/position_gazebo_plugin/lib/python3.10/site-packages'
[47.546s] Level 1:colcon.colcon_core.environment:checking '/root/controller_mine/install/position_gazebo_plugin/bin'
[47.547s] INFO:colcon.colcon_core.shell:Creating package script '/root/controller_mine/install/position_gazebo_plugin/share/position_gazebo_plugin/package.ps1'
[47.549s] INFO:colcon.colcon_core.shell:Creating package descriptor '/root/controller_mine/install/position_gazebo_plugin/share/position_gazebo_plugin/package.dsv'
[47.551s] INFO:colcon.colcon_core.shell:Creating package script '/root/controller_mine/install/position_gazebo_plugin/share/position_gazebo_plugin/package.sh'
[47.552s] INFO:colcon.colcon_core.shell:Creating package script '/root/controller_mine/install/position_gazebo_plugin/share/position_gazebo_plugin/package.bash'
[47.554s] INFO:colcon.colcon_core.shell:Creating package script '/root/controller_mine/install/position_gazebo_plugin/share/position_gazebo_plugin/package.zsh'
[47.558s] Level 1:colcon.colcon_core.environment:create_file_with_runtime_dependencies(/root/controller_mine/install/position_gazebo_plugin/share/colcon-core/packages/position_gazebo_plugin)
[47.644s] Level 1:colcon.colcon_core.environment:create_environment_scripts_only(position_gazebo_plugin)
[47.647s] Level 1:colcon.colcon_core.environment:checking '/root/controller_mine/install/position_gazebo_plugin' for CMake module files
[47.648s] Level 1:colcon.colcon_core.environment:checking '/root/controller_mine/install/position_gazebo_plugin' for CMake config files
[47.649s] Level 1:colcon.colcon_core.shell:create_environment_hook('position_gazebo_plugin', 'cmake_prefix_path')
[47.650s] INFO:colcon.colcon_core.shell:Creating environment hook '/root/controller_mine/install/position_gazebo_plugin/share/position_gazebo_plugin/hook/cmake_prefix_path.ps1'
[47.651s] INFO:colcon.colcon_core.shell:Creating environment descriptor '/root/controller_mine/install/position_gazebo_plugin/share/position_gazebo_plugin/hook/cmake_prefix_path.dsv'
[47.651s] INFO:colcon.colcon_core.shell:Creating environment hook '/root/controller_mine/install/position_gazebo_plugin/share/position_gazebo_plugin/hook/cmake_prefix_path.sh'
[47.652s] Level 1:colcon.colcon_core.environment:checking '/root/controller_mine/install/position_gazebo_plugin/lib'
[47.652s] Level 1:colcon.colcon_core.environment:checking '/root/controller_mine/install/position_gazebo_plugin/bin'
[47.652s] Level 1:colcon.colcon_core.environment:checking '/root/controller_mine/install/position_gazebo_plugin/lib/pkgconfig/position_gazebo_plugin.pc'
[47.652s] Level 1:colcon.colcon_core.environment:checking '/root/controller_mine/install/position_gazebo_plugin/lib/python3.10/site-packages'
[47.653s] Level 1:colcon.colcon_core.environment:checking '/root/controller_mine/install/position_gazebo_plugin/bin'
[47.655s] INFO:colcon.colcon_core.shell:Creating package script '/root/controller_mine/install/position_gazebo_plugin/share/position_gazebo_plugin/package.ps1'
[47.656s] INFO:colcon.colcon_core.shell:Creating package descriptor '/root/controller_mine/install/position_gazebo_plugin/share/position_gazebo_plugin/package.dsv'
[47.659s] INFO:colcon.colcon_core.shell:Creating package script '/root/controller_mine/install/position_gazebo_plugin/share/position_gazebo_plugin/package.sh'
[47.661s] INFO:colcon.colcon_core.shell:Creating package script '/root/controller_mine/install/position_gazebo_plugin/share/position_gazebo_plugin/package.bash'
[47.663s] INFO:colcon.colcon_core.shell:Creating package script '/root/controller_mine/install/position_gazebo_plugin/share/position_gazebo_plugin/package.zsh'
[47.664s] Level 1:colcon.colcon_core.environment:create_file_with_runtime_dependencies(/root/controller_mine/install/position_gazebo_plugin/share/colcon-core/packages/position_gazebo_plugin)
[47.665s] DEBUG:colcon.colcon_parallel_executor.executor.parallel:closing loop
[47.666s] DEBUG:colcon.colcon_parallel_executor.executor.parallel:loop closed
[47.666s] DEBUG:colcon.colcon_parallel_executor.executor.parallel:run_until_complete finished with '0'
[47.666s] DEBUG:colcon.colcon_core.event_reactor:joining thread
[47.684s] INFO:colcon.colcon_core.plugin_system:Skipping extension 'colcon_notification.desktop_notification.notify_send': Could not find 'notify-send'
[47.685s] INFO:colcon.colcon_core.plugin_system:Skipping extension 'colcon_notification.desktop_notification.terminal_notifier': Not used on non-Darwin systems
[47.686s] INFO:colcon.colcon_core.plugin_system:Skipping extension 'colcon_notification.desktop_notification.win32': Not used on non-Windows systems
[47.687s] INFO:colcon.colcon_notification.desktop_notification:Sending desktop notification using 'notify2'
[47.694s] DEBUG:colcon.colcon_notification.desktop_notification.notify2:Failed to initialize notify2: org.freedesktop.DBus.Error.Spawn.ExecFailed: /usr/bin/dbus-launch terminated abnormally without any error message
[47.695s] DEBUG:colcon.colcon_core.event_reactor:joined thread
[47.697s] INFO:colcon.colcon_core.shell:Creating prefix script '/root/controller_mine/install/local_setup.ps1'
[47.700s] INFO:colcon.colcon_core.shell:Creating prefix util module '/root/controller_mine/install/_local_setup_util_ps1.py'
[47.707s] INFO:colcon.colcon_core.shell:Creating prefix chain script '/root/controller_mine/install/setup.ps1'
[47.712s] INFO:colcon.colcon_core.shell:Creating prefix script '/root/controller_mine/install/local_setup.sh'
[47.714s] INFO:colcon.colcon_core.shell:Creating prefix util module '/root/controller_mine/install/_local_setup_util_sh.py'
[47.715s] INFO:colcon.colcon_core.shell:Creating prefix chain script '/root/controller_mine/install/setup.sh'
[47.718s] INFO:colcon.colcon_core.shell:Creating prefix script '/root/controller_mine/install/local_setup.bash'
[47.721s] INFO:colcon.colcon_core.shell:Creating prefix chain script '/root/controller_mine/install/setup.bash'
[47.727s] INFO:colcon.colcon_core.shell:Creating prefix script '/root/controller_mine/install/local_setup.zsh'
[47.729s] INFO:colcon.colcon_core.shell:Creating prefix chain script '/root/controller_mine/install/setup.zsh'
