running develop
/usr/lib/python3/dist-packages/setuptools/command/easy_install.py:158: EasyInstallDeprecationWarning: easy_install command is deprecated. Use build and pip and other standards-based tools.
  warnings.warn(
Removing /root/controller_mine/install/prova_controller/lib/python3.10/site-packages/prova-controller.egg-link (link to .)
running egg_info
writing ../../build/prova_controller/prova_controller.egg-info/PKG-INFO
writing dependency_links to ../../build/prova_controller/prova_controller.egg-info/dependency_links.txt
writing entry points to ../../build/prova_controller/prova_controller.egg-info/entry_points.txt
writing requirements to ../../build/prova_controller/prova_controller.egg-info/requires.txt
writing top-level names to ../../build/prova_controller/prova_controller.egg-info/top_level.txt
reading manifest file '../../build/prova_controller/prova_controller.egg-info/SOURCES.txt'
writing manifest file '../../build/prova_controller/prova_controller.egg-info/SOURCES.txt'
running build
running build_py
copying prova_controller/EKF.py -> /root/controller_mine/build/prova_controller/build/lib/prova_controller
copying prova_controller/EKF_tmp.py -> /root/controller_mine/build/prova_controller/build/lib/prova_controller
running install
running install_lib
creating /root/controller_mine/install/prova_controller/lib/python3.10/site-packages/prova_controller
copying /root/controller_mine/build/prova_controller/build/lib/prova_controller/prova_listener.py -> /root/controller_mine/install/prova_controller/lib/python3.10/site-packages/prova_controller
copying /root/controller_mine/build/prova_controller/build/lib/prova_controller/offboard_controller.py -> /root/controller_mine/install/prova_controller/lib/python3.10/site-packages/prova_controller
copying /root/controller_mine/build/prova_controller/build/lib/prova_controller/listener_messages.py -> /root/controller_mine/install/prova_controller/lib/python3.10/site-packages/prova_controller
copying /root/controller_mine/build/prova_controller/build/lib/prova_controller/debugger_py.py -> /root/controller_mine/install/prova_controller/lib/python3.10/site-packages/prova_controller
copying /root/controller_mine/build/prova_controller/build/lib/prova_controller/EKF.py -> /root/controller_mine/install/prova_controller/lib/python3.10/site-packages/prova_controller
copying /root/controller_mine/build/prova_controller/build/lib/prova_controller/gpt_node.py -> /root/controller_mine/install/prova_controller/lib/python3.10/site-packages/prova_controller
copying /root/controller_mine/build/prova_controller/build/lib/prova_controller/EKF_tmp.py -> /root/controller_mine/install/prova_controller/lib/python3.10/site-packages/prova_controller
copying /root/controller_mine/build/prova_controller/build/lib/prova_controller/__init__.py -> /root/controller_mine/install/prova_controller/lib/python3.10/site-packages/prova_controller
byte-compiling /root/controller_mine/install/prova_controller/lib/python3.10/site-packages/prova_controller/prova_listener.py to prova_listener.cpython-310.pyc
byte-compiling /root/controller_mine/install/prova_controller/lib/python3.10/site-packages/prova_controller/offboard_controller.py to offboard_controller.cpython-310.pyc
byte-compiling /root/controller_mine/install/prova_controller/lib/python3.10/site-packages/prova_controller/listener_messages.py to listener_messages.cpython-310.pyc
byte-compiling /root/controller_mine/install/prova_controller/lib/python3.10/site-packages/prova_controller/debugger_py.py to debugger_py.cpython-310.pyc
byte-compiling /root/controller_mine/install/prova_controller/lib/python3.10/site-packages/prova_controller/EKF.py to EKF.cpython-310.pyc
byte-compiling /root/controller_mine/install/prova_controller/lib/python3.10/site-packages/prova_controller/gpt_node.py to gpt_node.cpython-310.pyc
byte-compiling /root/controller_mine/install/prova_controller/lib/python3.10/site-packages/prova_controller/EKF_tmp.py to EKF_tmp.cpython-310.pyc
byte-compiling /root/controller_mine/install/prova_controller/lib/python3.10/site-packages/prova_controller/__init__.py to __init__.cpython-310.pyc
running install_data
copying resource/prova_controller -> /root/controller_mine/install/prova_controller/share/ament_index/resource_index/packages
copying package.xml -> /root/controller_mine/install/prova_controller/share/prova_controller
running install_egg_info
Copying ../../build/prova_controller/prova_controller.egg-info to /root/controller_mine/install/prova_controller/lib/python3.10/site-packages/prova_controller-0.0.0-py3.10.egg-info
running install_scripts
Installing EKF script to /root/controller_mine/install/prova_controller/lib/prova_controller
Installing EKF_t script to /root/controller_mine/install/prova_controller/lib/prova_controller
Installing ascolto_nodo script to /root/controller_mine/install/prova_controller/lib/prova_controller
Installing gpt_nodo script to /root/controller_mine/install/prova_controller/lib/prova_controller
Installing listener_nodo script to /root/controller_mine/install/prova_controller/lib/prova_controller
Installing offboard_controller_node script to /root/controller_mine/install/prova_controller/lib/prova_controller
Installing position_debug_node script to /root/controller_mine/install/prova_controller/lib/prova_controller
writing list of installed files to '/root/controller_mine/build/prova_controller/install.log'
