[1.157s] Invoking command in '/root/controller_mine/src/prova_controller': PYTHONPATH=/root/controller_mine/build/prova_controller/prefix_override:/usr/lib/python3/dist-packages/colcon_core/task/python/colcon_distutils_commands:/root/controller_mine/install/prova_controller/lib/python3.10/site-packages:${PYTHONPATH} /usr/bin/python3 -W ignore:setup.py install is deprecated setup.py egg_info --egg-base ../../build/prova_controller build --build-base /root/controller_mine/build/prova_controller/build install --record /root/controller_mine/build/prova_controller/install.log --single-version-externally-managed install_data
[2.063s] running egg_info
[2.065s] writing ../../build/prova_controller/prova_controller.egg-info/PKG-INFO
[2.066s] writing dependency_links to ../../build/prova_controller/prova_controller.egg-info/dependency_links.txt
[2.066s] writing entry points to ../../build/prova_controller/prova_controller.egg-info/entry_points.txt
[2.066s] writing requirements to ../../build/prova_controller/prova_controller.egg-info/requires.txt
[2.066s] writing top-level names to ../../build/prova_controller/prova_controller.egg-info/top_level.txt
[2.069s] reading manifest file '../../build/prova_controller/prova_controller.egg-info/SOURCES.txt'
[2.073s] writing manifest file '../../build/prova_controller/prova_controller.egg-info/SOURCES.txt'
[2.073s] running build
[2.073s] running build_py
[2.074s] copying prova_controller/EKF_tmp.py -> /root/controller_mine/build/prova_controller/build/lib/prova_controller
[2.075s] running install
[2.077s] running install_lib
[2.078s] copying /root/controller_mine/build/prova_controller/build/lib/prova_controller/EKF_tmp.py -> /root/controller_mine/install/prova_controller/lib/python3.10/site-packages/prova_controller
[2.079s] byte-compiling /root/controller_mine/install/prova_controller/lib/python3.10/site-packages/prova_controller/EKF_tmp.py to EKF_tmp.cpython-310.pyc
[2.082s] running install_data
[2.082s] running install_egg_info
[2.084s] removing '/root/controller_mine/install/prova_controller/lib/python3.10/site-packages/prova_controller-0.0.0-py3.10.egg-info' (and everything under it)
[2.084s] Copying ../../build/prova_controller/prova_controller.egg-info to /root/controller_mine/install/prova_controller/lib/python3.10/site-packages/prova_controller-0.0.0-py3.10.egg-info
[2.088s] running install_scripts
[2.125s] Installing EKF script to /root/controller_mine/install/prova_controller/lib/prova_controller
[2.125s] Installing EKF_t script to /root/controller_mine/install/prova_controller/lib/prova_controller
[2.126s] Installing ascolto_nodo script to /root/controller_mine/install/prova_controller/lib/prova_controller
[2.126s] Installing gpt_nodo script to /root/controller_mine/install/prova_controller/lib/prova_controller
[2.126s] Installing listener_nodo script to /root/controller_mine/install/prova_controller/lib/prova_controller
[2.126s] Installing offboard_controller_node script to /root/controller_mine/install/prova_controller/lib/prova_controller
[2.127s] Installing position_debug_node script to /root/controller_mine/install/prova_controller/lib/prova_controller
[2.127s] writing list of installed files to '/root/controller_mine/build/prova_controller/install.log'
[2.201s] Invoked command in '/root/controller_mine/src/prova_controller' returned '0': PYTHONPATH=/root/controller_mine/build/prova_controller/prefix_override:/usr/lib/python3/dist-packages/colcon_core/task/python/colcon_distutils_commands:/root/controller_mine/install/prova_controller/lib/python3.10/site-packages:${PYTHONPATH} /usr/bin/python3 -W ignore:setup.py install is deprecated setup.py egg_info --egg-base ../../build/prova_controller build --build-base /root/controller_mine/build/prova_controller/build install --record /root/controller_mine/build/prova_controller/install.log --single-version-externally-managed install_data
