[1.514s] Invoking command in '/root/controller_mine/src/prova_controller': PYTHONPATH=/root/controller_mine/build/prova_controller/prefix_override:/usr/lib/python3/dist-packages/colcon_core/task/python/colcon_distutils_commands:/root/controller_mine/install/prova_controller/lib/python3.10/site-packages:${PYTHONPATH} /usr/bin/python3 -W ignore:setup.py install is deprecated setup.py egg_info --egg-base ../../build/prova_controller build --build-base /root/controller_mine/build/prova_controller/build install --record /root/controller_mine/build/prova_controller/install.log --single-version-externally-managed install_data
[2.111s] running egg_info
[2.113s] writing ../../build/prova_controller/prova_controller.egg-info/PKG-INFO
[2.113s] writing dependency_links to ../../build/prova_controller/prova_controller.egg-info/dependency_links.txt
[2.113s] writing entry points to ../../build/prova_controller/prova_controller.egg-info/entry_points.txt
[2.113s] writing requirements to ../../build/prova_controller/prova_controller.egg-info/requires.txt
[2.113s] writing top-level names to ../../build/prova_controller/prova_controller.egg-info/top_level.txt
[2.118s] reading manifest file '../../build/prova_controller/prova_controller.egg-info/SOURCES.txt'
[2.119s] writing manifest file '../../build/prova_controller/prova_controller.egg-info/SOURCES.txt'
[2.120s] running build
[2.120s] running build_py
[2.120s] copying prova_controller/EKF_tmp.py -> /root/controller_mine/build/prova_controller/build/lib/prova_controller
[2.121s] running install
[2.121s] running install_lib
[2.122s] copying /root/controller_mine/build/prova_controller/build/lib/prova_controller/EKF_tmp.py -> /root/controller_mine/install/prova_controller/lib/python3.10/site-packages/prova_controller
[2.124s] byte-compiling /root/controller_mine/install/prova_controller/lib/python3.10/site-packages/prova_controller/EKF_tmp.py to EKF_tmp.cpython-310.pyc
[2.126s] running install_data
[2.126s] running install_egg_info
[2.131s] removing '/root/controller_mine/install/prova_controller/lib/python3.10/site-packages/prova_controller-0.0.0-py3.10.egg-info' (and everything under it)
[2.132s] Copying ../../build/prova_controller/prova_controller.egg-info to /root/controller_mine/install/prova_controller/lib/python3.10/site-packages/prova_controller-0.0.0-py3.10.egg-info
[2.134s] running install_scripts
[2.177s] Installing EKF script to /root/controller_mine/install/prova_controller/lib/prova_controller
[2.178s] Installing EKF_t script to /root/controller_mine/install/prova_controller/lib/prova_controller
[2.178s] Installing ascolto_nodo script to /root/controller_mine/install/prova_controller/lib/prova_controller
[2.178s] Installing gpt_nodo script to /root/controller_mine/install/prova_controller/lib/prova_controller
[2.178s] Installing listener_nodo script to /root/controller_mine/install/prova_controller/lib/prova_controller
[2.178s] Installing offboard_controller_node script to /root/controller_mine/install/prova_controller/lib/prova_controller
[2.178s] Installing position_debug_node script to /root/controller_mine/install/prova_controller/lib/prova_controller
[2.179s] writing list of installed files to '/root/controller_mine/build/prova_controller/install.log'
[2.232s] Invoked command in '/root/controller_mine/src/prova_controller' returned '0': PYTHONPATH=/root/controller_mine/build/prova_controller/prefix_override:/usr/lib/python3/dist-packages/colcon_core/task/python/colcon_distutils_commands:/root/controller_mine/install/prova_controller/lib/python3.10/site-packages:${PYTHONPATH} /usr/bin/python3 -W ignore:setup.py install is deprecated setup.py egg_info --egg-base ../../build/prova_controller build --build-base /root/controller_mine/build/prova_controller/build install --record /root/controller_mine/build/prova_controller/install.log --single-version-externally-managed install_data
