[0.278s] DEBUG:colcon:Command line arguments: ['/usr/bin/colcon', 'build', '--packages-select', 'prova_controller', '--symlink-install']
[0.279s] DEBUG:colcon:Parsed command line arguments: Namespace(log_base=None, log_level=None, verb_name='build', build_base='build', install_base='install', merge_install=False, symlink_install=True, test_result_base=None, continue_on_error=False, executor='parallel', parallel_workers=12, event_handlers=None, ignore_user_meta=False, metas=['./colcon.meta'], base_paths=['.'], packages_ignore=None, packages_ignore_regex=None, paths=None, packages_up_to=None, packages_up_to_regex=None, packages_above=None, packages_above_and_dependencies=None, packages_above_depth=None, packages_select_by_dep=None, packages_skip_by_dep=None, packages_skip_up_to=None, packages_select_build_failed=False, packages_skip_build_finished=False, packages_select_test_failures=False, packages_skip_test_passed=False, packages_select=['prova_controller'], packages_skip=None, packages_select_regex=None, packages_skip_regex=None, packages_start=None, packages_end=None, cmake_args=None, cmake_target=None, cmake_target_skip_unavailable=False, cmake_clean_cache=False, cmake_clean_first=False, cmake_force_configure=False, ament_cmake_args=None, catkin_cmake_args=None, catkin_skip_building_tests=False, mixin_files=None, mixin=None, verb_parser=<colcon_mixin.mixin.mixin_argument.MixinArgumentDecorator object at 0x75914b541690>, verb_extension=<colcon_core.verb.build.BuildVerb object at 0x75914b685d50>, main=<bound method BuildVerb.main of <colcon_core.verb.build.BuildVerb object at 0x75914b685d50>>, mixin_verb=('build',))
[0.620s] Level 1:colcon.colcon_core.package_discovery:discover_packages(colcon_meta) check parameters
[0.621s] INFO:colcon.colcon_metadata.package_discovery.colcon_meta:Using configuration from '/root/.colcon/metadata/default/Gazebo.meta'
[0.625s] INFO:colcon.colcon_metadata.package_discovery.colcon_meta:Using configuration from '/root/.colcon/metadata/default/fastrtps.meta'
[0.625s] Level 1:colcon.colcon_core.package_discovery:discover_packages(recursive) check parameters
[0.625s] Level 1:colcon.colcon_core.package_discovery:discover_packages(ignore) check parameters
[0.625s] Level 1:colcon.colcon_core.package_discovery:discover_packages(path) check parameters
[0.626s] Level 1:colcon.colcon_core.package_discovery:discover_packages(colcon_meta) discover
[0.626s] Level 1:colcon.colcon_core.package_discovery:discover_packages(recursive) discover
[0.626s] INFO:colcon.colcon_core.package_discovery:Crawling recursively for packages in '/root/controller_mine'
[0.626s] Level 1:colcon.colcon_core.package_identification:_identify(.) by extensions ['ignore', 'ignore_ament_install']
[0.627s] Level 1:colcon.colcon_core.package_identification:_identify(.) by extension 'ignore'
[0.627s] Level 1:colcon.colcon_core.package_identification:_identify(.) by extension 'ignore_ament_install'
[0.627s] Level 1:colcon.colcon_core.package_identification:_identify(.) by extensions ['colcon_pkg']
[0.628s] Level 1:colcon.colcon_core.package_identification:_identify(.) by extension 'colcon_pkg'
[0.628s] Level 1:colcon.colcon_core.package_identification:_identify(.) by extensions ['colcon_meta']
[0.628s] Level 1:colcon.colcon_core.package_identification:_identify(.) by extension 'colcon_meta'
[0.629s] Level 1:colcon.colcon_core.package_identification:_identify(.) by extensions ['ros']
[0.629s] Level 1:colcon.colcon_core.package_identification:_identify(.) by extension 'ros'
[0.668s] Level 1:colcon.colcon_core.package_identification:_identify(.) by extensions ['cmake', 'python']
[0.669s] Level 1:colcon.colcon_core.package_identification:_identify(.) by extension 'cmake'
[0.669s] Level 1:colcon.colcon_core.package_identification:_identify(.) by extension 'python'
[0.669s] Level 1:colcon.colcon_core.package_identification:_identify(.) by extensions ['python_setup_py']
[0.669s] Level 1:colcon.colcon_core.package_identification:_identify(.) by extension 'python_setup_py'
[0.669s] Level 1:colcon.colcon_core.package_identification:_identify(build) by extensions ['ignore', 'ignore_ament_install']
[0.670s] Level 1:colcon.colcon_core.package_identification:_identify(build) by extension 'ignore'
[0.670s] Level 1:colcon.colcon_core.package_identification:_identify(build) ignored
[0.671s] Level 1:colcon.colcon_core.package_identification:_identify(install) by extensions ['ignore', 'ignore_ament_install']
[0.672s] Level 1:colcon.colcon_core.package_identification:_identify(install) by extension 'ignore'
[0.672s] Level 1:colcon.colcon_core.package_identification:_identify(install) ignored
[0.672s] Level 1:colcon.colcon_core.package_identification:_identify(log) by extensions ['ignore', 'ignore_ament_install']
[0.672s] Level 1:colcon.colcon_core.package_identification:_identify(log) by extension 'ignore'
[0.672s] Level 1:colcon.colcon_core.package_identification:_identify(log) ignored
[0.673s] Level 1:colcon.colcon_core.package_identification:_identify(src) by extensions ['ignore', 'ignore_ament_install']
[0.673s] Level 1:colcon.colcon_core.package_identification:_identify(src) by extension 'ignore'
[0.673s] Level 1:colcon.colcon_core.package_identification:_identify(src) by extension 'ignore_ament_install'
[0.673s] Level 1:colcon.colcon_core.package_identification:_identify(src) by extensions ['colcon_pkg']
[0.673s] Level 1:colcon.colcon_core.package_identification:_identify(src) by extension 'colcon_pkg'
[0.673s] Level 1:colcon.colcon_core.package_identification:_identify(src) by extensions ['colcon_meta']
[0.674s] Level 1:colcon.colcon_core.package_identification:_identify(src) by extension 'colcon_meta'
[0.674s] Level 1:colcon.colcon_core.package_identification:_identify(src) by extensions ['ros']
[0.674s] Level 1:colcon.colcon_core.package_identification:_identify(src) by extension 'ros'
[0.674s] Level 1:colcon.colcon_core.package_identification:_identify(src) by extensions ['cmake', 'python']
[0.674s] Level 1:colcon.colcon_core.package_identification:_identify(src) by extension 'cmake'
[0.674s] Level 1:colcon.colcon_core.package_identification:_identify(src) by extension 'python'
[0.674s] Level 1:colcon.colcon_core.package_identification:_identify(src) by extensions ['python_setup_py']
[0.674s] Level 1:colcon.colcon_core.package_identification:_identify(src) by extension 'python_setup_py'
[0.675s] Level 1:colcon.colcon_core.package_identification:_identify(src/position_gazebo_plugin) by extensions ['ignore', 'ignore_ament_install']
[0.675s] Level 1:colcon.colcon_core.package_identification:_identify(src/position_gazebo_plugin) by extension 'ignore'
[0.675s] Level 1:colcon.colcon_core.package_identification:_identify(src/position_gazebo_plugin) by extension 'ignore_ament_install'
[0.675s] Level 1:colcon.colcon_core.package_identification:_identify(src/position_gazebo_plugin) by extensions ['colcon_pkg']
[0.675s] Level 1:colcon.colcon_core.package_identification:_identify(src/position_gazebo_plugin) by extension 'colcon_pkg'
[0.675s] Level 1:colcon.colcon_core.package_identification:_identify(src/position_gazebo_plugin) by extensions ['colcon_meta']
[0.675s] Level 1:colcon.colcon_core.package_identification:_identify(src/position_gazebo_plugin) by extension 'colcon_meta'
[0.675s] Level 1:colcon.colcon_core.package_identification:_identify(src/position_gazebo_plugin) by extensions ['ros']
[0.675s] Level 1:colcon.colcon_core.package_identification:_identify(src/position_gazebo_plugin) by extension 'ros'
[0.684s] DEBUG:colcon.colcon_core.package_identification:Package 'src/position_gazebo_plugin' with type 'ros.ament_cmake' and name 'position_gazebo_plugin'
[0.685s] Level 1:colcon.colcon_core.package_identification:_identify(src/prova_controller) by extensions ['ignore', 'ignore_ament_install']
[0.685s] Level 1:colcon.colcon_core.package_identification:_identify(src/prova_controller) by extension 'ignore'
[0.686s] Level 1:colcon.colcon_core.package_identification:_identify(src/prova_controller) by extension 'ignore_ament_install'
[0.686s] Level 1:colcon.colcon_core.package_identification:_identify(src/prova_controller) by extensions ['colcon_pkg']
[0.686s] Level 1:colcon.colcon_core.package_identification:_identify(src/prova_controller) by extension 'colcon_pkg'
[0.687s] Level 1:colcon.colcon_core.package_identification:_identify(src/prova_controller) by extensions ['colcon_meta']
[0.687s] Level 1:colcon.colcon_core.package_identification:_identify(src/prova_controller) by extension 'colcon_meta'
[0.687s] Level 1:colcon.colcon_core.package_identification:_identify(src/prova_controller) by extensions ['ros']
[0.687s] Level 1:colcon.colcon_core.package_identification:_identify(src/prova_controller) by extension 'ros'
[0.690s] DEBUG:colcon.colcon_core.package_identification:Package 'src/prova_controller' with type 'ros.ament_python' and name 'prova_controller'
[0.691s] Level 1:colcon.colcon_core.package_identification:_identify(src/px4-offboard) by extensions ['ignore', 'ignore_ament_install']
[0.692s] Level 1:colcon.colcon_core.package_identification:_identify(src/px4-offboard) by extension 'ignore'
[0.692s] Level 1:colcon.colcon_core.package_identification:_identify(src/px4-offboard) by extension 'ignore_ament_install'
[0.692s] Level 1:colcon.colcon_core.package_identification:_identify(src/px4-offboard) by extensions ['colcon_pkg']
[0.692s] Level 1:colcon.colcon_core.package_identification:_identify(src/px4-offboard) by extension 'colcon_pkg'
[0.692s] Level 1:colcon.colcon_core.package_identification:_identify(src/px4-offboard) by extensions ['colcon_meta']
[0.692s] Level 1:colcon.colcon_core.package_identification:_identify(src/px4-offboard) by extension 'colcon_meta'
[0.692s] Level 1:colcon.colcon_core.package_identification:_identify(src/px4-offboard) by extensions ['ros']
[0.692s] Level 1:colcon.colcon_core.package_identification:_identify(src/px4-offboard) by extension 'ros'
[0.695s] DEBUG:colcon.colcon_core.package_identification:Package 'src/px4-offboard' with type 'ros.ament_python' and name 'px4_offboard'
[0.696s] Level 1:colcon.colcon_core.package_identification:_identify(src/rosmsgs) by extensions ['ignore', 'ignore_ament_install']
[0.696s] Level 1:colcon.colcon_core.package_identification:_identify(src/rosmsgs) by extension 'ignore'
[0.697s] Level 1:colcon.colcon_core.package_identification:_identify(src/rosmsgs) by extension 'ignore_ament_install'
[0.697s] Level 1:colcon.colcon_core.package_identification:_identify(src/rosmsgs) by extensions ['colcon_pkg']
[0.697s] Level 1:colcon.colcon_core.package_identification:_identify(src/rosmsgs) by extension 'colcon_pkg'
[0.697s] Level 1:colcon.colcon_core.package_identification:_identify(src/rosmsgs) by extensions ['colcon_meta']
[0.697s] Level 1:colcon.colcon_core.package_identification:_identify(src/rosmsgs) by extension 'colcon_meta'
[0.697s] Level 1:colcon.colcon_core.package_identification:_identify(src/rosmsgs) by extensions ['ros']
[0.697s] Level 1:colcon.colcon_core.package_identification:_identify(src/rosmsgs) by extension 'ros'
[0.699s] DEBUG:colcon.colcon_core.package_identification:Package 'src/rosmsgs' with type 'ros.ament_cmake' and name 'rosmsgs'
[0.699s] Level 1:colcon.colcon_core.package_discovery:discover_packages(recursive) using defaults
[0.700s] Level 1:colcon.colcon_core.package_discovery:discover_packages(ignore) discover
[0.700s] Level 1:colcon.colcon_core.package_discovery:discover_packages(ignore) using defaults
[0.700s] Level 1:colcon.colcon_core.package_discovery:discover_packages(path) discover
[0.700s] Level 1:colcon.colcon_core.package_discovery:discover_packages(path) using defaults
[0.752s] INFO:colcon.colcon_core.package_selection:Skipping not selected package 'position_gazebo_plugin' in 'src/position_gazebo_plugin'
[0.752s] INFO:colcon.colcon_core.package_selection:Skipping not selected package 'px4_offboard' in 'src/px4-offboard'
[0.752s] INFO:colcon.colcon_core.package_selection:Skipping not selected package 'rosmsgs' in 'src/rosmsgs'
[0.752s] Level 5:colcon.colcon_core.verb:set package 'prova_controller' build argument 'cmake_args' from command line to 'None'
[0.752s] Level 5:colcon.colcon_core.verb:set package 'prova_controller' build argument 'cmake_target' from command line to 'None'
[0.752s] Level 5:colcon.colcon_core.verb:set package 'prova_controller' build argument 'cmake_target_skip_unavailable' from command line to 'False'
[0.752s] Level 5:colcon.colcon_core.verb:set package 'prova_controller' build argument 'cmake_clean_cache' from command line to 'False'
[0.752s] Level 5:colcon.colcon_core.verb:set package 'prova_controller' build argument 'cmake_clean_first' from command line to 'False'
[0.752s] Level 5:colcon.colcon_core.verb:set package 'prova_controller' build argument 'cmake_force_configure' from command line to 'False'
[0.753s] Level 5:colcon.colcon_core.verb:set package 'prova_controller' build argument 'ament_cmake_args' from command line to 'None'
[0.753s] Level 5:colcon.colcon_core.verb:set package 'prova_controller' build argument 'catkin_cmake_args' from command line to 'None'
[0.753s] Level 5:colcon.colcon_core.verb:set package 'prova_controller' build argument 'catkin_skip_building_tests' from command line to 'False'
[0.753s] DEBUG:colcon.colcon_core.verb:Building package 'prova_controller' with the following arguments: {'ament_cmake_args': None, 'build_base': '/root/controller_mine/build/prova_controller', 'catkin_cmake_args': None, 'catkin_skip_building_tests': False, 'cmake_args': None, 'cmake_clean_cache': False, 'cmake_clean_first': False, 'cmake_force_configure': False, 'cmake_target': None, 'cmake_target_skip_unavailable': False, 'install_base': '/root/controller_mine/install/prova_controller', 'merge_install': False, 'path': '/root/controller_mine/src/prova_controller', 'symlink_install': True, 'test_result_base': None}
[0.753s] INFO:colcon.colcon_core.executor:Executing jobs using 'parallel' executor
[0.755s] DEBUG:colcon.colcon_parallel_executor.executor.parallel:run_until_complete
[0.756s] INFO:colcon.colcon_ros.task.ament_python.build:Building ROS package in '/root/controller_mine/src/prova_controller' with build type 'ament_python'
[0.757s] Level 1:colcon.colcon_core.shell:create_environment_hook('prova_controller', 'ament_prefix_path')
[0.766s] INFO:colcon.colcon_core.plugin_system:Skipping extension 'colcon_core.shell.bat': Not used on non-Windows systems
[0.767s] INFO:colcon.colcon_core.shell:Creating environment hook '/root/controller_mine/install/prova_controller/share/prova_controller/hook/ament_prefix_path.ps1'
[0.769s] INFO:colcon.colcon_core.shell:Creating environment descriptor '/root/controller_mine/install/prova_controller/share/prova_controller/hook/ament_prefix_path.dsv'
[0.770s] INFO:colcon.colcon_core.shell:Creating environment hook '/root/controller_mine/install/prova_controller/share/prova_controller/hook/ament_prefix_path.sh'
[0.772s] INFO:colcon.colcon_core.shell:Skip shell extension 'powershell' for command environment: Not usable outside of PowerShell
[0.772s] DEBUG:colcon.colcon_core.shell:Skip shell extension 'dsv' for command environment
[1.345s] INFO:colcon.colcon_core.task.python.build:Building Python package in '/root/controller_mine/src/prova_controller'
[1.345s] INFO:colcon.colcon_core.shell:Skip shell extension 'powershell' for command environment: Not usable outside of PowerShell
[1.345s] DEBUG:colcon.colcon_core.shell:Skip shell extension 'dsv' for command environment
[2.063s] DEBUG:colcon.colcon_core.task.python.build:While undoing a previous installation files outside the Python library path are being ignored: /root/controller_mine/install/prova_controller/share/ament_index/resource_index/packages/prova_controller
[2.063s] DEBUG:colcon.colcon_core.task.python.build:While undoing a previous installation files outside the Python library path are being ignored: /root/controller_mine/install/prova_controller/share/prova_controller/package.xml
[2.063s] DEBUG:colcon.colcon_core.task.python.build:While undoing a previous installation files outside the Python library path are being ignored: /root/controller_mine/install/prova_controller/lib/prova_controller/EKF
[2.063s] DEBUG:colcon.colcon_core.task.python.build:While undoing a previous installation files outside the Python library path are being ignored: /root/controller_mine/install/prova_controller/lib/prova_controller/EKF_t
[2.063s] DEBUG:colcon.colcon_core.task.python.build:While undoing a previous installation files outside the Python library path are being ignored: /root/controller_mine/install/prova_controller/lib/prova_controller/ascolto_nodo
[2.063s] DEBUG:colcon.colcon_core.task.python.build:While undoing a previous installation files outside the Python library path are being ignored: /root/controller_mine/install/prova_controller/lib/prova_controller/gpt_nodo
[2.063s] DEBUG:colcon.colcon_core.task.python.build:While undoing a previous installation files outside the Python library path are being ignored: /root/controller_mine/install/prova_controller/lib/prova_controller/listener_nodo
[2.063s] DEBUG:colcon.colcon_core.task.python.build:While undoing a previous installation files outside the Python library path are being ignored: /root/controller_mine/install/prova_controller/lib/prova_controller/offboard_controller_node
[2.063s] DEBUG:colcon.colcon_core.task.python.build:While undoing a previous installation files outside the Python library path are being ignored: /root/controller_mine/install/prova_controller/lib/prova_controller/position_debug_node
[2.065s] DEBUG:colcon.colcon_core.event_handler.log_command:Invoking command in '/root/controller_mine/build/prova_controller': PYTHONPATH=/root/controller_mine/build/prova_controller/prefix_override:/usr/lib/python3/dist-packages/colcon_core/task/python/colcon_distutils_commands:/root/controller_mine/install/prova_controller/lib/python3.10/site-packages:${PYTHONPATH} /usr/bin/python3 -W ignore:setup.py install is deprecated setup.py develop --editable --build-directory /root/controller_mine/build/prova_controller/build --no-deps symlink_data --force
[3.265s] Level 1:colcon.colcon_core.shell:create_environment_hook('prova_controller', 'pythonpath_develop')
[3.267s] INFO:colcon.colcon_core.shell:Creating environment hook '/root/controller_mine/build/prova_controller/share/prova_controller/hook/pythonpath_develop.ps1'
[3.267s] DEBUG:colcon.colcon_core.event_handler.log_command:Invoked command in '/root/controller_mine/build/prova_controller' returned '0': PYTHONPATH=/root/controller_mine/build/prova_controller/prefix_override:/usr/lib/python3/dist-packages/colcon_core/task/python/colcon_distutils_commands:/root/controller_mine/install/prova_controller/lib/python3.10/site-packages:${PYTHONPATH} /usr/bin/python3 -W ignore:setup.py install is deprecated setup.py develop --editable --build-directory /root/controller_mine/build/prova_controller/build --no-deps symlink_data --force
[3.269s] INFO:colcon.colcon_core.shell:Creating environment descriptor '/root/controller_mine/build/prova_controller/share/prova_controller/hook/pythonpath_develop.dsv'
[3.270s] INFO:colcon.colcon_core.shell:Creating environment hook '/root/controller_mine/build/prova_controller/share/prova_controller/hook/pythonpath_develop.sh'
[3.276s] Level 1:colcon.colcon_core.environment:checking '/root/controller_mine/install/prova_controller' for CMake module files
[3.277s] Level 1:colcon.colcon_core.environment:checking '/root/controller_mine/install/prova_controller' for CMake config files
[3.278s] Level 1:colcon.colcon_core.environment:checking '/root/controller_mine/install/prova_controller/lib'
[3.278s] Level 1:colcon.colcon_core.environment:checking '/root/controller_mine/install/prova_controller/bin'
[3.278s] Level 1:colcon.colcon_core.environment:checking '/root/controller_mine/install/prova_controller/lib/pkgconfig/prova_controller.pc'
[3.278s] Level 1:colcon.colcon_core.environment:checking '/root/controller_mine/install/prova_controller/lib/python3.10/site-packages'
[3.278s] Level 1:colcon.colcon_core.shell:create_environment_hook('prova_controller', 'pythonpath')
[3.279s] INFO:colcon.colcon_core.shell:Creating environment hook '/root/controller_mine/install/prova_controller/share/prova_controller/hook/pythonpath.ps1'
[3.279s] INFO:colcon.colcon_core.shell:Creating environment descriptor '/root/controller_mine/install/prova_controller/share/prova_controller/hook/pythonpath.dsv'
[3.280s] INFO:colcon.colcon_core.shell:Creating environment hook '/root/controller_mine/install/prova_controller/share/prova_controller/hook/pythonpath.sh'
[3.281s] Level 1:colcon.colcon_core.environment:checking '/root/controller_mine/install/prova_controller/bin'
[3.281s] Level 1:colcon.colcon_core.environment:create_environment_scripts_only(prova_controller)
[3.282s] INFO:colcon.colcon_core.shell:Creating package script '/root/controller_mine/install/prova_controller/share/prova_controller/package.ps1'
[3.283s] INFO:colcon.colcon_core.shell:Creating package descriptor '/root/controller_mine/install/prova_controller/share/prova_controller/package.dsv'
[3.284s] INFO:colcon.colcon_core.shell:Creating package script '/root/controller_mine/install/prova_controller/share/prova_controller/package.sh'
[3.288s] INFO:colcon.colcon_core.shell:Creating package script '/root/controller_mine/install/prova_controller/share/prova_controller/package.bash'
[3.289s] INFO:colcon.colcon_core.shell:Creating package script '/root/controller_mine/install/prova_controller/share/prova_controller/package.zsh'
[3.291s] Level 1:colcon.colcon_core.environment:create_file_with_runtime_dependencies(/root/controller_mine/install/prova_controller/share/colcon-core/packages/prova_controller)
[3.292s] DEBUG:colcon.colcon_parallel_executor.executor.parallel:closing loop
[3.292s] DEBUG:colcon.colcon_parallel_executor.executor.parallel:loop closed
[3.293s] DEBUG:colcon.colcon_parallel_executor.executor.parallel:run_until_complete finished with '0'
[3.294s] DEBUG:colcon.colcon_core.event_reactor:joining thread
[3.308s] INFO:colcon.colcon_core.plugin_system:Skipping extension 'colcon_notification.desktop_notification.notify_send': Could not find 'notify-send'
[3.308s] INFO:colcon.colcon_core.plugin_system:Skipping extension 'colcon_notification.desktop_notification.terminal_notifier': Not used on non-Darwin systems
[3.308s] INFO:colcon.colcon_core.plugin_system:Skipping extension 'colcon_notification.desktop_notification.win32': Not used on non-Windows systems
[3.308s] INFO:colcon.colcon_notification.desktop_notification:Sending desktop notification using 'notify2'
[3.314s] DEBUG:colcon.colcon_notification.desktop_notification.notify2:Failed to initialize notify2: org.freedesktop.DBus.Error.Spawn.ExecFailed: /usr/bin/dbus-launch terminated abnormally without any error message
[3.315s] DEBUG:colcon.colcon_core.event_reactor:joined thread
[3.318s] INFO:colcon.colcon_core.shell:Creating prefix script '/root/controller_mine/install/local_setup.ps1'
[3.320s] INFO:colcon.colcon_core.shell:Creating prefix util module '/root/controller_mine/install/_local_setup_util_ps1.py'
[3.324s] INFO:colcon.colcon_core.shell:Creating prefix chain script '/root/controller_mine/install/setup.ps1'
[3.327s] INFO:colcon.colcon_core.shell:Creating prefix script '/root/controller_mine/install/local_setup.sh'
[3.328s] INFO:colcon.colcon_core.shell:Creating prefix util module '/root/controller_mine/install/_local_setup_util_sh.py'
[3.329s] INFO:colcon.colcon_core.shell:Creating prefix chain script '/root/controller_mine/install/setup.sh'
[3.330s] INFO:colcon.colcon_core.shell:Creating prefix script '/root/controller_mine/install/local_setup.bash'
[3.330s] INFO:colcon.colcon_core.shell:Creating prefix chain script '/root/controller_mine/install/setup.bash'
[3.334s] INFO:colcon.colcon_core.shell:Creating prefix script '/root/controller_mine/install/local_setup.zsh'
[3.335s] INFO:colcon.colcon_core.shell:Creating prefix chain script '/root/controller_mine/install/setup.zsh'
