[0.021s] Invoking command in '/root/controller_mine/build/position_gazebo_plugin': CMAKE_PREFIX_PATH=${CMAKE_PREFIX_PATH}:/root/controller_mine/install/prova_controller:/opt/ros/humble /usr/bin/cmake /root/controller_mine/src/position_gazebo_plugin -DCMAKE_INSTALL_PREFIX=/root/controller_mine/install/position_gazebo_plugin
[0.423s] -- The C compiler identification is GNU 11.4.0
[0.830s] -- The CXX compiler identification is GNU 11.4.0
[0.852s] -- Detecting C compiler ABI info
[1.057s] -- Detecting C compiler ABI info - done
[1.075s] -- Check for working C compiler: /usr/bin/cc - skipped
[1.076s] -- Detecting C compile features
[1.077s] -- Detecting C compile features - done
[1.087s] -- Detecting CXX compiler ABI info
[1.293s] -- Detecting CXX compiler ABI info - done
[1.311s] -- Check for working CXX compiler: /usr/bin/c++ - skipped
[1.312s] -- Detecting CXX compile features
[1.312s] -- Detecting CXX compile features - done
[1.331s] -- Found ament_cmake: 1.3.10 (/opt/ros/humble/share/ament_cmake/cmake)
[2.379s] -- Found Python3: /usr/bin/python3 (found version "3.10.12") found components: Interpreter 
[2.756s] -- Found gazebo_ros: 3.7.0 (/opt/ros/humble/share/gazebo_ros/cmake)
[2.926s] -- Found rosidl_generator_c: 3.1.5 (/opt/ros/humble/share/rosidl_generator_c/cmake)
[2.947s] -- Found rosidl_adapter: 3.1.5 (/opt/ros/humble/share/rosidl_adapter/cmake)
[2.979s] -- Found rosidl_generator_cpp: 3.1.5 (/opt/ros/humble/share/rosidl_generator_cpp/cmake)
[3.028s] -- Using all available rosidl_typesupport_c: rosidl_typesupport_fastrtps_c;rosidl_typesupport_introspection_c
[3.086s] -- Using all available rosidl_typesupport_cpp: rosidl_typesupport_fastrtps_cpp;rosidl_typesupport_introspection_cpp
[3.230s] -- Found rmw_implementation_cmake: 6.1.2 (/opt/ros/humble/share/rmw_implementation_cmake/cmake)
[3.245s] -- Found rmw_fastrtps_cpp: 6.2.7 (/opt/ros/humble/share/rmw_fastrtps_cpp/cmake)
[3.538s] -- Found OpenSSL: /usr/lib/x86_64-linux-gnu/libcrypto.so (found version "3.0.2")  
[3.631s] -- Found FastRTPS: /opt/ros/humble/include  
[3.743s] -- Using RMW implementation 'rmw_fastrtps_cpp' as default
[3.779s] -- Looking for pthread.h
[3.967s] -- Looking for pthread.h - found
[3.967s] -- Performing Test CMAKE_HAVE_LIBC_PTHREAD
[4.178s] -- Performing Test CMAKE_HAVE_LIBC_PTHREAD - Success
[4.184s] -- Found Threads: TRUE  
[4.454s] -- Found PkgConfig: /usr/bin/pkg-config (found version "0.29.2") 
[4.458s] -- Checking for module 'bullet>=2.82'
[4.495s] --   Found bullet, version 3.05
[4.817s] -- Found fcl: /usr/include (found suitable version "0.7.0", minimum required is "0.5.0") 
[4.970s] -- Found assimp: /usr/include (found version "5.2.0") 
[5.071s] -- Found DART: /usr/include (Required is at least version "6.6") found components: dart 
[5.192s] -- Found Boost: /usr/lib/x86_64-linux-gnu/cmake/Boost-1.74.0/BoostConfig.cmake (found suitable version "1.74.0", minimum required is "1.40.0") found components: thread system filesystem program_options regex iostreams date_time 
[5.242s] -- Found Protobuf: /usr/lib/x86_64-linux-gnu/libprotobuf.so (found version "3.12.4") 
[5.267s] -- Looking for ignition-math6 -- found version 6.15.1
[5.293s] -- Searching for dependencies of ignition-math6
[5.298s] -- Looking for OGRE...
[5.301s] -- OGRE_PREFIX_WATCH changed.
[5.319s] -- Checking for module 'OGRE'
[5.372s] --   Found OGRE, version 1.9.0
[5.478s] -- Found Ogre Ghadamon (1.9.0)
[5.499s] -- Found OGRE: optimized;/usr/lib/x86_64-linux-gnu/libOgreMain.so;debug;/usr/lib/x86_64-linux-gnu/libOgreMain.so
[5.527s] -- Looking for OGRE_Paging...
[5.543s] -- Found OGRE_Paging: optimized;/usr/lib/x86_64-linux-gnu/libOgrePaging.so;debug;/usr/lib/x86_64-linux-gnu/libOgrePaging.so
[5.543s] -- Looking for OGRE_Terrain...
[5.568s] -- Found OGRE_Terrain: optimized;/usr/lib/x86_64-linux-gnu/libOgreTerrain.so;debug;/usr/lib/x86_64-linux-gnu/libOgreTerrain.so
[5.568s] -- Looking for OGRE_Property...
[5.584s] -- Found OGRE_Property: optimized;/usr/lib/x86_64-linux-gnu/libOgreProperty.so;debug;/usr/lib/x86_64-linux-gnu/libOgreProperty.so
[5.584s] -- Looking for OGRE_RTShaderSystem...
[5.600s] -- Found OGRE_RTShaderSystem: optimized;/usr/lib/x86_64-linux-gnu/libOgreRTShaderSystem.so;debug;/usr/lib/x86_64-linux-gnu/libOgreRTShaderSystem.so
[5.600s] -- Looking for OGRE_Volume...
[5.619s] -- Found OGRE_Volume: optimized;/usr/lib/x86_64-linux-gnu/libOgreVolume.so;debug;/usr/lib/x86_64-linux-gnu/libOgreVolume.so
[5.619s] -- Looking for OGRE_Overlay...
[5.633s] -- Found OGRE_Overlay: optimized;/usr/lib/x86_64-linux-gnu/libOgreOverlay.so;debug;/usr/lib/x86_64-linux-gnu/libOgreOverlay.so
[5.912s] -- Looking for ignition-math6 -- found version 6.15.1
[5.921s] -- Looking for ignition-transport8 -- found version 8.2.1
[5.922s] -- Searching for dependencies of ignition-transport8
[5.967s] -- Found Protobuf: /usr/lib/x86_64-linux-gnu/libprotobuf.so (found suitable version "3.12.4", minimum required is "3") 
[6.003s] -- Config-file not installed for ZeroMQ -- checking for pkg-config
[6.013s] -- Checking for module 'libzmq >= 4'
[6.050s] --   Found libzmq , version 4.3.4
[6.163s] -- Found ZeroMQ: TRUE (Required is at least version "4") 
[6.183s] -- Checking for module 'uuid'
[6.222s] --   Found uuid, version 2.37.2
[6.325s] -- Found UUID: TRUE  
[6.333s] -- Looking for ignition-msgs5 -- found version 5.8.1
[6.334s] -- Searching for dependencies of ignition-msgs5
[6.391s] -- Looking for ignition-math6 -- found version 6.15.1
[6.405s] -- Checking for module 'tinyxml2'
[6.434s] --   Found tinyxml2, version 9.0.0
[6.539s] -- Looking for ignition-msgs5 -- found version 5.8.1
[6.547s] -- Looking for ignition-common3 -- found version 3.14.0
[6.549s] -- Searching for dependencies of ignition-common3
[6.551s] -- Looking for dlfcn.h - found
[6.556s] -- Looking for libdl - found
[6.562s] -- Found DL: TRUE  
[6.597s] -- Found tinyobjloader: /usr/lib/x86_64-linux-gnu/cmake/tinyobjloader/tinyobjloader-config.cmake (found version "2.0.0") 
[6.598s] -- Searching for <ignition-common3> component [graphics]
[6.609s] -- Looking for ignition-common3-graphics -- found version 3.14.0
[6.610s] -- Searching for dependencies of ignition-common3-graphics
[6.610s] -- Looking for ignition-math6 -- found version 6.15.1
[6.622s] -- Looking for ignition-fuel_tools4 -- found version 4.4.0
[6.623s] -- Searching for dependencies of ignition-fuel_tools4
[6.831s] -- Found CURL: /usr/lib/x86_64-linux-gnu/libcurl.so (found version "7.81.0")  
[6.859s] -- Checking for module 'jsoncpp'
[6.904s] --   Found jsoncpp, version 1.9.5
[6.996s] -- Found JSONCPP: TRUE  
[7.017s] -- Checking for module 'libzip'
[7.050s] --   Found libzip, version 1.7.3
[7.158s] -- Found ZIP: TRUE  
[7.160s] -- Looking for ignition-common3 -- found version 3.14.0
[7.162s] -- Looking for ignition-math6 -- found version 6.15.1
[7.164s] -- Looking for ignition-msgs5 -- found version 5.8.1
[7.176s] -- Gazebo version: 11.10
[7.176s] -- Checking for module 'tbb'
[7.213s] --   Found tbb, version 2021.5.0
[7.310s] -- Found geometry_msgs: 4.2.4 (/opt/ros/humble/share/geometry_msgs/cmake)
[7.347s] -- Found nav_msgs: 4.2.4 (/opt/ros/humble/share/nav_msgs/cmake)
[7.406s] -- Found tf2: 0.25.7 (/opt/ros/humble/share/tf2/cmake)
[7.444s] -- Found tf2_geometry_msgs: 0.25.7 (/opt/ros/humble/share/tf2_geometry_msgs/cmake)
[7.474s] -- Found eigen3_cmake_module: 0.1.1 (/opt/ros/humble/share/eigen3_cmake_module/cmake)
[7.478s] -- Found Eigen3: TRUE (found version "3.4.0") 
[7.478s] -- Ensuring Eigen3 include directory is part of orocos-kdl CMake target
[7.803s] -- Found ament_lint_auto: 0.12.11 (/opt/ros/humble/share/ament_lint_auto/cmake)
[8.155s] -- Added test 'cppcheck' to perform static code analysis on C / C++ code
[8.155s] -- Configured cppcheck include dirs: /root/controller_mine/src/position_gazebo_plugin/include
[8.156s] -- Configured cppcheck exclude dirs and/or files: 
[8.160s] -- Added test 'lint_cmake' to check CMake code style
[8.173s] -- Added test 'uncrustify' to check C / C++ code style
[8.173s] -- Configured uncrustify additional arguments: 
[8.175s] -- Added test 'xmllint' to check XML markup files
[8.179s] -- Configuring done
[8.285s] -- Generating done
[8.293s] -- Build files have been written to: /root/controller_mine/build/position_gazebo_plugin
[8.348s] Invoked command in '/root/controller_mine/build/position_gazebo_plugin' returned '0': CMAKE_PREFIX_PATH=${CMAKE_PREFIX_PATH}:/root/controller_mine/install/prova_controller:/opt/ros/humble /usr/bin/cmake /root/controller_mine/src/position_gazebo_plugin -DCMAKE_INSTALL_PREFIX=/root/controller_mine/install/position_gazebo_plugin
[8.355s] Invoking command in '/root/controller_mine/build/position_gazebo_plugin': CMAKE_PREFIX_PATH=${CMAKE_PREFIX_PATH}:/root/controller_mine/install/prova_controller:/opt/ros/humble /usr/bin/cmake --build /root/controller_mine/build/position_gazebo_plugin -- -j12 -l12
[8.499s] [ 50%] [32mBuilding CXX object CMakeFiles/position_plugin.dir/src/position_gazebo_plugin.cpp.o[0m
[44.404s] [100%] [32m[1mLinking CXX shared library libposition_plugin.so[0m
[46.778s] [100%] Built target position_plugin
[46.811s] Invoked command in '/root/controller_mine/build/position_gazebo_plugin' returned '0': CMAKE_PREFIX_PATH=${CMAKE_PREFIX_PATH}:/root/controller_mine/install/prova_controller:/opt/ros/humble /usr/bin/cmake --build /root/controller_mine/build/position_gazebo_plugin -- -j12 -l12
[46.913s] Invoking command in '/root/controller_mine/build/position_gazebo_plugin': CMAKE_PREFIX_PATH=${CMAKE_PREFIX_PATH}:/root/controller_mine/install/prova_controller:/opt/ros/humble /usr/bin/cmake --install /root/controller_mine/build/position_gazebo_plugin
[46.936s] -- Install configuration: ""
[46.937s] -- Installing: /root/controller_mine/install/position_gazebo_plugin/share/position_gazebo_plugin/environment/library_path.sh
[46.937s] -- Installing: /root/controller_mine/install/position_gazebo_plugin/share/position_gazebo_plugin/environment/library_path.dsv
[46.937s] -- Installing: /root/controller_mine/install/position_gazebo_plugin/lib/position_gazebo_plugin/libposition_plugin.so
[46.949s] -- Set runtime path of "/root/controller_mine/install/position_gazebo_plugin/lib/position_gazebo_plugin/libposition_plugin.so" to ""
[46.950s] -- Installing: /root/controller_mine/install/position_gazebo_plugin/include
[46.950s] -- Installing: /root/controller_mine/install/position_gazebo_plugin/include/position_gazebo_plugin.hpp
[46.950s] -- Installing: /root/controller_mine/install/position_gazebo_plugin/share/ament_index/resource_index/package_run_dependencies/position_gazebo_plugin
[46.952s] -- Installing: /root/controller_mine/install/position_gazebo_plugin/share/ament_index/resource_index/parent_prefix_path/position_gazebo_plugin
[46.952s] -- Installing: /root/controller_mine/install/position_gazebo_plugin/share/position_gazebo_plugin/environment/ament_prefix_path.sh
[46.952s] -- Installing: /root/controller_mine/install/position_gazebo_plugin/share/position_gazebo_plugin/environment/ament_prefix_path.dsv
[46.953s] -- Installing: /root/controller_mine/install/position_gazebo_plugin/share/position_gazebo_plugin/environment/path.sh
[46.953s] -- Installing: /root/controller_mine/install/position_gazebo_plugin/share/position_gazebo_plugin/environment/path.dsv
[46.953s] -- Installing: /root/controller_mine/install/position_gazebo_plugin/share/position_gazebo_plugin/local_setup.bash
[46.954s] -- Installing: /root/controller_mine/install/position_gazebo_plugin/share/position_gazebo_plugin/local_setup.sh
[46.954s] -- Installing: /root/controller_mine/install/position_gazebo_plugin/share/position_gazebo_plugin/local_setup.zsh
[46.957s] -- Installing: /root/controller_mine/install/position_gazebo_plugin/share/position_gazebo_plugin/local_setup.dsv
[46.959s] -- Installing: /root/controller_mine/install/position_gazebo_plugin/share/position_gazebo_plugin/package.dsv
[46.959s] -- Installing: /root/controller_mine/install/position_gazebo_plugin/share/ament_index/resource_index/packages/position_gazebo_plugin
[46.960s] -- Installing: /root/controller_mine/install/position_gazebo_plugin/share/position_gazebo_plugin/cmake/ament_cmake_export_libraries-extras.cmake
[46.961s] -- Installing: /root/controller_mine/install/position_gazebo_plugin/share/position_gazebo_plugin/cmake/ament_cmake_export_include_directories-extras.cmake
[46.961s] -- Installing: /root/controller_mine/install/position_gazebo_plugin/share/position_gazebo_plugin/cmake/position_gazebo_pluginConfig.cmake
[46.961s] -- Installing: /root/controller_mine/install/position_gazebo_plugin/share/position_gazebo_plugin/cmake/position_gazebo_pluginConfig-version.cmake
[46.962s] -- Installing: /root/controller_mine/install/position_gazebo_plugin/share/position_gazebo_plugin/package.xml
[46.969s] Invoked command in '/root/controller_mine/build/position_gazebo_plugin' returned '0': CMAKE_PREFIX_PATH=${CMAKE_PREFIX_PATH}:/root/controller_mine/install/prova_controller:/opt/ros/humble /usr/bin/cmake --install /root/controller_mine/build/position_gazebo_plugin
